<?xml version="1.0" encoding="UTF-8"?>
<testsuite name="ru.stqa.pft.addressbook.tests.ContactAddToGroupTest" tests="1" skipped="0" failures="1" errors="0" timestamp="2019-11-11T20:16:56" hostname="UEFIPC1" time="0.382">
  <properties/>
  <testcase name="ContactAddToGroup" classname="ru.stqa.pft.addressbook.tests.ContactAddToGroupTest" time="0.382">
    <failure message="java.lang.AssertionError: &#10;Expected: a collection containing &lt;GroupData{id='427', name='test1'}&gt;&#10;     but: mismatches were: [was &lt;GroupData{id='424', name='test1'}&gt;]" type="java.lang.AssertionError">java.lang.AssertionError: 
Expected: a collection containing &lt;GroupData{id='427', name='test1'}&gt;
     but: mismatches were: [was &lt;GroupData{id='424', name='test1'}&gt;]
	at org.hamcrest.MatcherAssert.assertThat(MatcherAssert.java:18)
	at org.hamcrest.MatcherAssert.assertThat(MatcherAssert.java:6)
	at ru.stqa.pft.addressbook.tests.ContactAddToGroupTest.ContactAddToGroup(ContactAddToGroupTest.java:58)
	at sun.reflect.NativeMethodAccessorImpl.invoke0(Native Method)
	at sun.reflect.NativeMethodAccessorImpl.invoke(NativeMethodAccessorImpl.java:62)
	at sun.reflect.DelegatingMethodAccessorImpl.invoke(DelegatingMethodAccessorImpl.java:43)
	at java.lang.reflect.Method.invoke(Method.java:498)
	at org.testng.internal.MethodInvocationHelper.invokeMethod(MethodInvocationHelper.java:133)
	at org.testng.internal.TestInvoker.invokeMethod(TestInvoker.java:584)
	at org.testng.internal.TestInvoker.invokeTestMethod(TestInvoker.java:172)
	at org.testng.internal.MethodRunner.runInSequence(MethodRunner.java:46)
	at org.testng.internal.TestInvoker$MethodInvocationAgent.invoke(TestInvoker.java:804)
	at org.testng.internal.TestInvoker.invokeTestMethods(TestInvoker.java:145)
	at org.testng.internal.TestMethodWorker.invokeTestMethods(TestMethodWorker.java:146)
	at org.testng.internal.TestMethodWorker.run(TestMethodWorker.java:128)
	at java.util.ArrayList.forEach(ArrayList.java:1257)
	at org.testng.TestRunner.privateRun(TestRunner.java:770)
	at org.testng.TestRunner.run(TestRunner.java:591)
	at org.testng.SuiteRunner.runTest(SuiteRunner.java:402)
	at org.testng.SuiteRunner.runSequentially(SuiteRunner.java:396)
	at org.testng.SuiteRunner.privateRun(SuiteRunner.java:355)
	at org.testng.SuiteRunner.run(SuiteRunner.java:304)
	at org.testng.SuiteRunnerWorker.runSuite(SuiteRunnerWorker.java:53)
	at org.testng.SuiteRunnerWorker.run(SuiteRunnerWorker.java:96)
	at org.testng.TestNG.runSuitesSequentially(TestNG.java:1180)
	at org.testng.TestNG.runSuitesLocally(TestNG.java:1102)
	at org.testng.TestNG.runSuites(TestNG.java:1032)
	at org.testng.TestNG.run(TestNG.java:1000)
	at org.gradle.api.internal.tasks.testing.testng.TestNGTestClassProcessor.runTests(TestNGTestClassProcessor.java:141)
	at org.gradle.api.internal.tasks.testing.testng.TestNGTestClassProcessor.stop(TestNGTestClassProcessor.java:90)
	at org.gradle.api.internal.tasks.testing.SuiteTestClassProcessor.stop(SuiteTestClassProcessor.java:61)
	at sun.reflect.NativeMethodAccessorImpl.invoke0(Native Method)
	at sun.reflect.NativeMethodAccessorImpl.invoke(NativeMethodAccessorImpl.java:62)
	at sun.reflect.DelegatingMethodAccessorImpl.invoke(DelegatingMethodAccessorImpl.java:43)
	at java.lang.reflect.Method.invoke(Method.java:498)
	at org.gradle.internal.dispatch.ReflectionDispatch.dispatch(ReflectionDispatch.java:36)
	at org.gradle.internal.dispatch.ReflectionDispatch.dispatch(ReflectionDispatch.java:24)
	at org.gradle.internal.dispatch.ContextClassLoaderDispatch.dispatch(ContextClassLoaderDispatch.java:33)
	at org.gradle.internal.dispatch.ProxyDispatchAdapter$DispatchingInvocationHandler.invoke(ProxyDispatchAdapter.java:94)
	at com.sun.proxy.$Proxy2.stop(Unknown Source)
	at org.gradle.api.internal.tasks.testing.worker.TestWorker.stop(TestWorker.java:132)
	at sun.reflect.NativeMethodAccessorImpl.invoke0(Native Method)
	at sun.reflect.NativeMethodAccessorImpl.invoke(NativeMethodAccessorImpl.java:62)
	at sun.reflect.DelegatingMethodAccessorImpl.invoke(DelegatingMethodAccessorImpl.java:43)
	at java.lang.reflect.Method.invoke(Method.java:498)
	at org.gradle.internal.dispatch.ReflectionDispatch.dispatch(ReflectionDispatch.java:36)
	at org.gradle.internal.dispatch.ReflectionDispatch.dispatch(ReflectionDispatch.java:24)
	at org.gradle.internal.remote.internal.hub.MessageHubBackedObjectConnection$DispatchWrapper.dispatch(MessageHubBackedObjectConnection.java:182)
	at org.gradle.internal.remote.internal.hub.MessageHubBackedObjectConnection$DispatchWrapper.dispatch(MessageHubBackedObjectConnection.java:164)
	at org.gradle.internal.remote.internal.hub.MessageHub$Handler.run(MessageHub.java:412)
	at org.gradle.internal.concurrent.ExecutorPolicy$CatchAndRecordFailures.onExecute(ExecutorPolicy.java:64)
	at org.gradle.internal.concurrent.ManagedExecutorImpl$1.run(ManagedExecutorImpl.java:48)
	at java.util.concurrent.ThreadPoolExecutor.runWorker(ThreadPoolExecutor.java:1149)
	at java.util.concurrent.ThreadPoolExecutor$Worker.run(ThreadPoolExecutor.java:624)
	at org.gradle.internal.concurrent.ThreadFactoryImpl$ManagedThreadRunnable.run(ThreadFactoryImpl.java:56)
	at java.lang.Thread.run(Thread.java:748)
</failure>
  </testcase>
  <system-out><![CDATA[23:16:53.456 [Test worker] INFO  r.s.pft.addressbook.tests.TestBase - Start test ContactAddToGroup with parameters []
Hibernate: select contactdat0_.id as id1_1_, contactdat0_.address as address2_1_, contactdat0_.email as email3_1_, contactdat0_.email2 as email4_1_, contactdat0_.email3 as email5_1_, contactdat0_.firstname as firstnam6_1_, contactdat0_.home as home7_1_, contactdat0_.lastname as lastname8_1_, contactdat0_.mobile as mobile9_1_, contactdat0_.photo as photo10_1_, contactdat0_.work as work11_1_ from addressbook contactdat0_ where deprecated='0000-00-00'
Hibernate: select groupdata0_.group_id as group_id1_2_, groupdata0_.group_footer as group_fo2_2_, groupdata0_.group_header as group_he3_2_, groupdata0_.group_name as group_na4_2_ from group_list groupdata0_
Hibernate: select contacts0_.group_id as group_id2_0_0_, contacts0_.id as id1_0_0_, contactdat1_.id as id1_1_1_, contactdat1_.address as address2_1_1_, contactdat1_.email as email3_1_1_, contactdat1_.email2 as email4_1_1_, contactdat1_.email3 as email5_1_1_, contactdat1_.firstname as firstnam6_1_1_, contactdat1_.home as home7_1_1_, contactdat1_.lastname as lastname8_1_1_, contactdat1_.mobile as mobile9_1_1_, contactdat1_.photo as photo10_1_1_, contactdat1_.work as work11_1_1_ from address_in_groups contacts0_ inner join addressbook contactdat1_ on contacts0_.id=contactdat1_.id where contacts0_.group_id=?
Hibernate: select contacts0_.group_id as group_id2_0_0_, contacts0_.id as id1_0_0_, contactdat1_.id as id1_1_1_, contactdat1_.address as address2_1_1_, contactdat1_.email as email3_1_1_, contactdat1_.email2 as email4_1_1_, contactdat1_.email3 as email5_1_1_, contactdat1_.firstname as firstnam6_1_1_, contactdat1_.home as home7_1_1_, contactdat1_.lastname as lastname8_1_1_, contactdat1_.mobile as mobile9_1_1_, contactdat1_.photo as photo10_1_1_, contactdat1_.work as work11_1_1_ from address_in_groups contacts0_ inner join addressbook contactdat1_ on contacts0_.id=contactdat1_.id where contacts0_.group_id=?
Hibernate: select contactdat0_.id as id1_1_, contactdat0_.address as address2_1_, contactdat0_.email as email3_1_, contactdat0_.email2 as email4_1_, contactdat0_.email3 as email5_1_, contactdat0_.firstname as firstnam6_1_, contactdat0_.home as home7_1_, contactdat0_.lastname as lastname8_1_, contactdat0_.mobile as mobile9_1_, contactdat0_.photo as photo10_1_, contactdat0_.work as work11_1_ from addressbook contactdat0_ where deprecated='0000-00-00'
Hibernate: select groups0_.id as id1_0_0_, groups0_.group_id as group_id2_0_0_, groupdata1_.group_id as group_id1_2_1_, groupdata1_.group_footer as group_fo2_2_1_, groupdata1_.group_header as group_he3_2_1_, groupdata1_.group_name as group_na4_2_1_ from address_in_groups groups0_ inner join group_list groupdata1_ on groups0_.group_id=groupdata1_.group_id where groups0_.id=?
Hibernate: select groupdata0_.group_id as group_id1_2_, groupdata0_.group_footer as group_fo2_2_, groupdata0_.group_header as group_he3_2_, groupdata0_.group_name as group_na4_2_ from group_list groupdata0_
Hibernate: select contacts0_.group_id as group_id2_0_0_, contacts0_.id as id1_0_0_, contactdat1_.id as id1_1_1_, contactdat1_.address as address2_1_1_, contactdat1_.email as email3_1_1_, contactdat1_.email2 as email4_1_1_, contactdat1_.email3 as email5_1_1_, contactdat1_.firstname as firstnam6_1_1_, contactdat1_.home as home7_1_1_, contactdat1_.lastname as lastname8_1_1_, contactdat1_.mobile as mobile9_1_1_, contactdat1_.photo as photo10_1_1_, contactdat1_.work as work11_1_1_ from address_in_groups contacts0_ inner join addressbook contactdat1_ on contacts0_.id=contactdat1_.id where contacts0_.group_id=?
Hibernate: select contacts0_.group_id as group_id2_0_0_, contacts0_.id as id1_0_0_, contactdat1_.id as id1_1_1_, contactdat1_.address as address2_1_1_, contactdat1_.email as email3_1_1_, contactdat1_.email2 as email4_1_1_, contactdat1_.email3 as email5_1_1_, contactdat1_.firstname as firstnam6_1_1_, contactdat1_.home as home7_1_1_, contactdat1_.lastname as lastname8_1_1_, contactdat1_.mobile as mobile9_1_1_, contactdat1_.photo as photo10_1_1_, contactdat1_.work as work11_1_1_ from address_in_groups contacts0_ inner join addressbook contactdat1_ on contacts0_.id=contactdat1_.id where contacts0_.group_id=?
¯¯¯¯¯¯¯¯¯¯¯¯¯¯¯¯¯¯¯¯¯¯¯¯¯¯¯¯¯¯¯¯¯¯¯¯¯¯¯¯¯¯¯¯¯¯¯¯¯¯¯¯¯¯¯¯¯¯¯¯¯¯¯¯¯¯¯¯¯¯¯¯¯¯¯
>>>>> Контакт ContactData{id=742, firstname='Александр', lastname='Невский'} добавлен в группу GroupData{id='427', name='test1'} <<<<<
¯¯¯¯¯¯¯¯¯¯¯¯¯¯¯¯¯¯¯¯¯¯¯¯¯¯¯¯¯¯¯¯¯¯¯¯¯¯¯¯¯¯¯¯¯¯¯¯¯¯¯¯¯¯¯¯¯¯¯¯¯¯¯¯¯¯¯¯¯¯¯¯¯¯¯
Hibernate: select contactdat0_.id as id1_1_, contactdat0_.address as address2_1_, contactdat0_.email as email3_1_, contactdat0_.email2 as email4_1_, contactdat0_.email3 as email5_1_, contactdat0_.firstname as firstnam6_1_, contactdat0_.home as home7_1_, contactdat0_.lastname as lastname8_1_, contactdat0_.mobile as mobile9_1_, contactdat0_.photo as photo10_1_, contactdat0_.work as work11_1_ from addressbook contactdat0_ where contactdat0_.id=742 and deprecated='0000-00-00'
Hibernate: select groups0_.id as id1_0_0_, groups0_.group_id as group_id2_0_0_, groupdata1_.group_id as group_id1_2_1_, groupdata1_.group_footer as group_fo2_2_1_, groupdata1_.group_header as group_he3_2_1_, groupdata1_.group_name as group_na4_2_1_ from address_in_groups groups0_ inner join group_list groupdata1_ on groups0_.group_id=groupdata1_.group_id where groups0_.id=?
Hibernate: select contacts0_.group_id as group_id2_0_0_, contacts0_.id as id1_0_0_, contactdat1_.id as id1_1_1_, contactdat1_.address as address2_1_1_, contactdat1_.email as email3_1_1_, contactdat1_.email2 as email4_1_1_, contactdat1_.email3 as email5_1_1_, contactdat1_.firstname as firstnam6_1_1_, contactdat1_.home as home7_1_1_, contactdat1_.lastname as lastname8_1_1_, contactdat1_.mobile as mobile9_1_1_, contactdat1_.photo as photo10_1_1_, contactdat1_.work as work11_1_1_ from address_in_groups contacts0_ inner join addressbook contactdat1_ on contacts0_.id=contactdat1_.id where contacts0_.group_id=?
23:16:57.294 [Test worker] INFO  r.s.pft.addressbook.tests.TestBase - Stop test ContactAddToGroup
]]></system-out>
  <system-err><![CDATA[]]></system-err>
</testsuite>
