<?xml version="1.0" encoding="UTF-8"?>
<testsuite name="ru.stqa.pft.addressbook.tests.ContactAddToGroupTest" tests="1" skipped="0" failures="0" errors="0" timestamp="2019-11-10T07:58:41" hostname="UEFIPC1" time="0.499">
  <properties/>
  <testcase name="ContactAddToGroup" classname="ru.stqa.pft.addressbook.tests.ContactAddToGroupTest" time="0.499"/>
  <system-out><![CDATA[10:58:38.438 [Test worker] INFO  r.s.pft.addressbook.tests.TestBase - Start test ContactAddToGroup with parameters []
10:58:38.547 [Test worker] INFO  o.h.h.i.QueryTranslatorFactoryInitiator - HHH000397: Using ASTQueryTranslatorFactory
Hibernate: select contactdat0_.id as id1_1_, contactdat0_.address as address2_1_, contactdat0_.email as email3_1_, contactdat0_.email2 as email4_1_, contactdat0_.email3 as email5_1_, contactdat0_.firstname as firstnam6_1_, contactdat0_.home as home7_1_, contactdat0_.lastname as lastname8_1_, contactdat0_.mobile as mobile9_1_, contactdat0_.photo as photo10_1_, contactdat0_.work as work11_1_ from addressbook contactdat0_ where deprecated='0000-00-00'
Hibernate: select groups0_.id as id1_0_0_, groups0_.group_id as group_id2_0_0_, groupdata1_.group_id as group_id1_2_1_, groupdata1_.group_footer as group_fo2_2_1_, groupdata1_.group_header as group_he3_2_1_, groupdata1_.group_name as group_na4_2_1_ from address_in_groups groups0_ inner join group_list groupdata1_ on groups0_.group_id=groupdata1_.group_id where groups0_.id=?
Hibernate: select contacts0_.group_id as group_id2_0_0_, contacts0_.id as id1_0_0_, contactdat1_.id as id1_1_1_, contactdat1_.address as address2_1_1_, contactdat1_.email as email3_1_1_, contactdat1_.email2 as email4_1_1_, contactdat1_.email3 as email5_1_1_, contactdat1_.firstname as firstnam6_1_1_, contactdat1_.home as home7_1_1_, contactdat1_.lastname as lastname8_1_1_, contactdat1_.mobile as mobile9_1_1_, contactdat1_.photo as photo10_1_1_, contactdat1_.work as work11_1_1_ from address_in_groups contacts0_ inner join addressbook contactdat1_ on contacts0_.id=contactdat1_.id where contacts0_.group_id=?
Hibernate: select groups0_.id as id1_0_0_, groups0_.group_id as group_id2_0_0_, groupdata1_.group_id as group_id1_2_1_, groupdata1_.group_footer as group_fo2_2_1_, groupdata1_.group_header as group_he3_2_1_, groupdata1_.group_name as group_na4_2_1_ from address_in_groups groups0_ inner join group_list groupdata1_ on groups0_.group_id=groupdata1_.group_id where groups0_.id=?
Hibernate: select groups0_.id as id1_0_0_, groups0_.group_id as group_id2_0_0_, groupdata1_.group_id as group_id1_2_1_, groupdata1_.group_footer as group_fo2_2_1_, groupdata1_.group_header as group_he3_2_1_, groupdata1_.group_name as group_na4_2_1_ from address_in_groups groups0_ inner join group_list groupdata1_ on groups0_.group_id=groupdata1_.group_id where groups0_.id=?
Hibernate: select groupdata0_.group_id as group_id1_2_, groupdata0_.group_footer as group_fo2_2_, groupdata0_.group_header as group_he3_2_, groupdata0_.group_name as group_na4_2_ from group_list groupdata0_
Hibernate: select contacts0_.group_id as group_id2_0_0_, contacts0_.id as id1_0_0_, contactdat1_.id as id1_1_1_, contactdat1_.address as address2_1_1_, contactdat1_.email as email3_1_1_, contactdat1_.email2 as email4_1_1_, contactdat1_.email3 as email5_1_1_, contactdat1_.firstname as firstnam6_1_1_, contactdat1_.home as home7_1_1_, contactdat1_.lastname as lastname8_1_1_, contactdat1_.mobile as mobile9_1_1_, contactdat1_.photo as photo10_1_1_, contactdat1_.work as work11_1_1_ from address_in_groups contacts0_ inner join addressbook contactdat1_ on contacts0_.id=contactdat1_.id where contacts0_.group_id=?
Hibernate: select contacts0_.group_id as group_id2_0_0_, contacts0_.id as id1_0_0_, contactdat1_.id as id1_1_1_, contactdat1_.address as address2_1_1_, contactdat1_.email as email3_1_1_, contactdat1_.email2 as email4_1_1_, contactdat1_.email3 as email5_1_1_, contactdat1_.firstname as firstnam6_1_1_, contactdat1_.home as home7_1_1_, contactdat1_.lastname as lastname8_1_1_, contactdat1_.mobile as mobile9_1_1_, contactdat1_.photo as photo10_1_1_, contactdat1_.work as work11_1_1_ from address_in_groups contacts0_ inner join addressbook contactdat1_ on contacts0_.id=contactdat1_.id where contacts0_.group_id=?
Hibernate: select contacts0_.group_id as group_id2_0_0_, contacts0_.id as id1_0_0_, contactdat1_.id as id1_1_1_, contactdat1_.address as address2_1_1_, contactdat1_.email as email3_1_1_, contactdat1_.email2 as email4_1_1_, contactdat1_.email3 as email5_1_1_, contactdat1_.firstname as firstnam6_1_1_, contactdat1_.home as home7_1_1_, contactdat1_.lastname as lastname8_1_1_, contactdat1_.mobile as mobile9_1_1_, contactdat1_.photo as photo10_1_1_, contactdat1_.work as work11_1_1_ from address_in_groups contacts0_ inner join addressbook contactdat1_ on contacts0_.id=contactdat1_.id where contacts0_.group_id=?
Hibernate: select groups0_.id as id1_0_0_, groups0_.group_id as group_id2_0_0_, groupdata1_.group_id as group_id1_2_1_, groupdata1_.group_footer as group_fo2_2_1_, groupdata1_.group_header as group_he3_2_1_, groupdata1_.group_name as group_na4_2_1_ from address_in_groups groups0_ inner join group_list groupdata1_ on groups0_.group_id=groupdata1_.group_id where groups0_.id=?
Hibernate: select groups0_.id as id1_0_0_, groups0_.group_id as group_id2_0_0_, groupdata1_.group_id as group_id1_2_1_, groupdata1_.group_footer as group_fo2_2_1_, groupdata1_.group_header as group_he3_2_1_, groupdata1_.group_name as group_na4_2_1_ from address_in_groups groups0_ inner join group_list groupdata1_ on groups0_.group_id=groupdata1_.group_id where groups0_.id=?
Hibernate: select groups0_.id as id1_0_0_, groups0_.group_id as group_id2_0_0_, groupdata1_.group_id as group_id1_2_1_, groupdata1_.group_footer as group_fo2_2_1_, groupdata1_.group_header as group_he3_2_1_, groupdata1_.group_name as group_na4_2_1_ from address_in_groups groups0_ inner join group_list groupdata1_ on groups0_.group_id=groupdata1_.group_id where groups0_.id=?
Hibernate: select contactdat0_.id as id1_1_, contactdat0_.address as address2_1_, contactdat0_.email as email3_1_, contactdat0_.email2 as email4_1_, contactdat0_.email3 as email5_1_, contactdat0_.firstname as firstnam6_1_, contactdat0_.home as home7_1_, contactdat0_.lastname as lastname8_1_, contactdat0_.mobile as mobile9_1_, contactdat0_.photo as photo10_1_, contactdat0_.work as work11_1_ from addressbook contactdat0_ where deprecated='0000-00-00'
Hibernate: select groups0_.id as id1_0_0_, groups0_.group_id as group_id2_0_0_, groupdata1_.group_id as group_id1_2_1_, groupdata1_.group_footer as group_fo2_2_1_, groupdata1_.group_header as group_he3_2_1_, groupdata1_.group_name as group_na4_2_1_ from address_in_groups groups0_ inner join group_list groupdata1_ on groups0_.group_id=groupdata1_.group_id where groups0_.id=?
Hibernate: select groups0_.id as id1_0_0_, groups0_.group_id as group_id2_0_0_, groupdata1_.group_id as group_id1_2_1_, groupdata1_.group_footer as group_fo2_2_1_, groupdata1_.group_header as group_he3_2_1_, groupdata1_.group_name as group_na4_2_1_ from address_in_groups groups0_ inner join group_list groupdata1_ on groups0_.group_id=groupdata1_.group_id where groups0_.id=?
Hibernate: select contacts0_.group_id as group_id2_0_0_, contacts0_.id as id1_0_0_, contactdat1_.id as id1_1_1_, contactdat1_.address as address2_1_1_, contactdat1_.email as email3_1_1_, contactdat1_.email2 as email4_1_1_, contactdat1_.email3 as email5_1_1_, contactdat1_.firstname as firstnam6_1_1_, contactdat1_.home as home7_1_1_, contactdat1_.lastname as lastname8_1_1_, contactdat1_.mobile as mobile9_1_1_, contactdat1_.photo as photo10_1_1_, contactdat1_.work as work11_1_1_ from address_in_groups contacts0_ inner join addressbook contactdat1_ on contacts0_.id=contactdat1_.id where contacts0_.group_id=?
Hibernate: select groups0_.id as id1_0_0_, groups0_.group_id as group_id2_0_0_, groupdata1_.group_id as group_id1_2_1_, groupdata1_.group_footer as group_fo2_2_1_, groupdata1_.group_header as group_he3_2_1_, groupdata1_.group_name as group_na4_2_1_ from address_in_groups groups0_ inner join group_list groupdata1_ on groups0_.group_id=groupdata1_.group_id where groups0_.id=?
Hibernate: select groups0_.id as id1_0_0_, groups0_.group_id as group_id2_0_0_, groupdata1_.group_id as group_id1_2_1_, groupdata1_.group_footer as group_fo2_2_1_, groupdata1_.group_header as group_he3_2_1_, groupdata1_.group_name as group_na4_2_1_ from address_in_groups groups0_ inner join group_list groupdata1_ on groups0_.group_id=groupdata1_.group_id where groups0_.id=?
Hibernate: select groupdata0_.group_id as group_id1_2_, groupdata0_.group_footer as group_fo2_2_, groupdata0_.group_header as group_he3_2_, groupdata0_.group_name as group_na4_2_ from group_list groupdata0_
Hibernate: select contacts0_.group_id as group_id2_0_0_, contacts0_.id as id1_0_0_, contactdat1_.id as id1_1_1_, contactdat1_.address as address2_1_1_, contactdat1_.email as email3_1_1_, contactdat1_.email2 as email4_1_1_, contactdat1_.email3 as email5_1_1_, contactdat1_.firstname as firstnam6_1_1_, contactdat1_.home as home7_1_1_, contactdat1_.lastname as lastname8_1_1_, contactdat1_.mobile as mobile9_1_1_, contactdat1_.photo as photo10_1_1_, contactdat1_.work as work11_1_1_ from address_in_groups contacts0_ inner join addressbook contactdat1_ on contacts0_.id=contactdat1_.id where contacts0_.group_id=?
Hibernate: select contacts0_.group_id as group_id2_0_0_, contacts0_.id as id1_0_0_, contactdat1_.id as id1_1_1_, contactdat1_.address as address2_1_1_, contactdat1_.email as email3_1_1_, contactdat1_.email2 as email4_1_1_, contactdat1_.email3 as email5_1_1_, contactdat1_.firstname as firstnam6_1_1_, contactdat1_.home as home7_1_1_, contactdat1_.lastname as lastname8_1_1_, contactdat1_.mobile as mobile9_1_1_, contactdat1_.photo as photo10_1_1_, contactdat1_.work as work11_1_1_ from address_in_groups contacts0_ inner join addressbook contactdat1_ on contacts0_.id=contactdat1_.id where contacts0_.group_id=?
Hibernate: select contacts0_.group_id as group_id2_0_0_, contacts0_.id as id1_0_0_, contactdat1_.id as id1_1_1_, contactdat1_.address as address2_1_1_, contactdat1_.email as email3_1_1_, contactdat1_.email2 as email4_1_1_, contactdat1_.email3 as email5_1_1_, contactdat1_.firstname as firstnam6_1_1_, contactdat1_.home as home7_1_1_, contactdat1_.lastname as lastname8_1_1_, contactdat1_.mobile as mobile9_1_1_, contactdat1_.photo as photo10_1_1_, contactdat1_.work as work11_1_1_ from address_in_groups contacts0_ inner join addressbook contactdat1_ on contacts0_.id=contactdat1_.id where contacts0_.group_id=?
Hibernate: select groups0_.id as id1_0_0_, groups0_.group_id as group_id2_0_0_, groupdata1_.group_id as group_id1_2_1_, groupdata1_.group_footer as group_fo2_2_1_, groupdata1_.group_header as group_he3_2_1_, groupdata1_.group_name as group_na4_2_1_ from address_in_groups groups0_ inner join group_list groupdata1_ on groups0_.group_id=groupdata1_.group_id where groups0_.id=?
Hibernate: select groups0_.id as id1_0_0_, groups0_.group_id as group_id2_0_0_, groupdata1_.group_id as group_id1_2_1_, groupdata1_.group_footer as group_fo2_2_1_, groupdata1_.group_header as group_he3_2_1_, groupdata1_.group_name as group_na4_2_1_ from address_in_groups groups0_ inner join group_list groupdata1_ on groups0_.group_id=groupdata1_.group_id where groups0_.id=?
Hibernate: select groups0_.id as id1_0_0_, groups0_.group_id as group_id2_0_0_, groupdata1_.group_id as group_id1_2_1_, groupdata1_.group_footer as group_fo2_2_1_, groupdata1_.group_header as group_he3_2_1_, groupdata1_.group_name as group_na4_2_1_ from address_in_groups groups0_ inner join group_list groupdata1_ on groups0_.group_id=groupdata1_.group_id where groups0_.id=?
¯¯¯¯¯¯¯¯¯¯¯¯¯¯¯¯¯¯¯¯¯¯¯¯¯¯¯¯¯¯¯¯¯¯¯¯¯¯¯¯¯¯¯¯¯¯¯¯¯¯¯¯¯¯¯¯¯¯¯¯¯¯¯¯¯¯¯¯¯¯¯¯¯¯¯
>>>>> Контакт ContactData{id=712, firstname='Александр', lastname='Невский'} добавлен в группу GroupData{id='395', name='test 0'} <<<<<
¯¯¯¯¯¯¯¯¯¯¯¯¯¯¯¯¯¯¯¯¯¯¯¯¯¯¯¯¯¯¯¯¯¯¯¯¯¯¯¯¯¯¯¯¯¯¯¯¯¯¯¯¯¯¯¯¯¯¯¯¯¯¯¯¯¯¯¯¯¯¯¯¯¯¯
Hibernate: select contactdat0_.id as id1_1_, contactdat0_.address as address2_1_, contactdat0_.email as email3_1_, contactdat0_.email2 as email4_1_, contactdat0_.email3 as email5_1_, contactdat0_.firstname as firstnam6_1_, contactdat0_.home as home7_1_, contactdat0_.lastname as lastname8_1_, contactdat0_.mobile as mobile9_1_, contactdat0_.photo as photo10_1_, contactdat0_.work as work11_1_ from addressbook contactdat0_ where contactdat0_.id=712 and deprecated='0000-00-00'
Hibernate: select groups0_.id as id1_0_0_, groups0_.group_id as group_id2_0_0_, groupdata1_.group_id as group_id1_2_1_, groupdata1_.group_footer as group_fo2_2_1_, groupdata1_.group_header as group_he3_2_1_, groupdata1_.group_name as group_na4_2_1_ from address_in_groups groups0_ inner join group_list groupdata1_ on groups0_.group_id=groupdata1_.group_id where groups0_.id=?
Hibernate: select contacts0_.group_id as group_id2_0_0_, contacts0_.id as id1_0_0_, contactdat1_.id as id1_1_1_, contactdat1_.address as address2_1_1_, contactdat1_.email as email3_1_1_, contactdat1_.email2 as email4_1_1_, contactdat1_.email3 as email5_1_1_, contactdat1_.firstname as firstnam6_1_1_, contactdat1_.home as home7_1_1_, contactdat1_.lastname as lastname8_1_1_, contactdat1_.mobile as mobile9_1_1_, contactdat1_.photo as photo10_1_1_, contactdat1_.work as work11_1_1_ from address_in_groups contacts0_ inner join addressbook contactdat1_ on contacts0_.id=contactdat1_.id where contacts0_.group_id=?
10:58:42.479 [Test worker] INFO  r.s.pft.addressbook.tests.TestBase - Stop test ContactAddToGroup
]]></system-out>
  <system-err><![CDATA[]]></system-err>
</testsuite>
