<?xml version="1.0" encoding="UTF-8"?>
<testsuite name="ru.stqa.pft.addressbook.tests.ContactDataTests" tests="1" skipped="0" failures="0" errors="0" timestamp="2019-11-11T20:17:13" hostname="UEFIPC1" time="0.283">
  <properties/>
  <testcase name="testContactData" classname="ru.stqa.pft.addressbook.tests.ContactDataTests" time="0.283"/>
  <system-out><![CDATA[23:17:13.327 [Test worker] INFO  r.s.pft.addressbook.tests.TestBase - Start test testContactData with parameters []
23:17:13.749 [Test worker] INFO  r.s.pft.addressbook.tests.TestBase - Stop test testContactData
]]></system-out>
  <system-err><![CDATA[]]></system-err>
</testsuite>
