<?xml version="1.0" encoding="UTF-8"?>
<testsuite name="ru.stqa.pft.addressbook.tests.ContactModificationTests" tests="1" skipped="0" failures="0" errors="0" timestamp="2019-10-20T19:22:46" hostname="UEFIPC1" time="3.739">
  <properties/>
  <testcase name="testContactModification" classname="ru.stqa.pft.addressbook.tests.ContactModificationTests" time="3.739"/>
  <system-out><![CDATA[]]></system-out>
  <system-err><![CDATA[]]></system-err>
</testsuite>
