<?xml version="1.0" encoding="UTF-8"?>
<testsuite name="ru.stqa.pft.addressbook.tests.ContactCreationTests" tests="4" skipped="0" failures="0" errors="0" timestamp="2019-10-20T19:22:30" hostname="UEFIPC1" time="15.973">
  <properties/>
  <testcase name="testBadContactCreation" classname="ru.stqa.pft.addressbook.tests.ContactCreationTests" time="4.279"/>
  <testcase name="testContactCreation[0](ContactData{id='2147483647', firstname='РђР»РµРєСЃР°РЅРґСЂ 0', lastname='РќРµРІСЃРєРёР№ 0'})" classname="ru.stqa.pft.addressbook.tests.ContactCreationTests" time="3.869"/>
  <testcase name="testContactCreation[1](ContactData{id='2147483647', firstname='РђР»РµРєСЃР°РЅРґСЂ 1', lastname='РќРµРІСЃРєРёР№ 1'})" classname="ru.stqa.pft.addressbook.tests.ContactCreationTests" time="3.863"/>
  <testcase name="testContactCreation[2](ContactData{id='2147483647', firstname='РђР»РµРєСЃР°РЅРґСЂ 2', lastname='РќРµРІСЃРєРёР№ 2'})" classname="ru.stqa.pft.addressbook.tests.ContactCreationTests" time="3.922"/>
  <system-out><![CDATA[]]></system-out>
  <system-err><![CDATA[]]></system-err>
</testsuite>
