<?xml version="1.0" encoding="UTF-8"?>
<testsuite name="ru.stqa.pft.addressbook.tests.ContactDataTests" tests="1" skipped="0" failures="0" errors="0" timestamp="2019-10-20T19:22:52" hostname="UEFIPC1" time="0.323">
  <properties/>
  <testcase name="testContactData" classname="ru.stqa.pft.addressbook.tests.ContactDataTests" time="0.323"/>
  <system-out><![CDATA[]]></system-out>
  <system-err><![CDATA[]]></system-err>
</testsuite>
